2024-10-22T02:03:44+00:00 WARNING Empty patterns received from the PTK Pattern Store
2024-10-22T02:03:47+00:00 WARNING Empty patterns received from the PTK Pattern Store
2024-10-22T02:03:47+00:00 WARNING Failed to get WooCommerce patterns from the PTK: "Failed to connect with the Patterns Toolkit API: try again later."
2024-10-22T02:03:54+00:00 WARNING Empty patterns received from the PTK Pattern Store
2024-10-22T02:03:57+00:00 WARNING Empty patterns received from the PTK Pattern Store
2024-10-22T02:03:58+00:00 WARNING Empty patterns received from the PTK Pattern Store
2024-10-22T02:03:59+00:00 WARNING Empty patterns received from the PTK Pattern Store
2024-10-22T02:04:09+00:00 WARNING Empty patterns received from the PTK Pattern Store
2024-10-22T02:04:09+00:00 WARNING Empty patterns received from the PTK Pattern Store
2024-10-22T02:04:09+00:00 WARNING Empty patterns received from the PTK Pattern Store
2024-10-22T02:04:09+00:00 WARNING Empty patterns received from the PTK Pattern Store
2024-10-22T02:04:10+00:00 WARNING Empty patterns received from the PTK Pattern Store
2024-10-22T02:04:11+00:00 WARNING Empty patterns received from the PTK Pattern Store
2024-10-22T02:04:13+00:00 WARNING Empty patterns received from the PTK Pattern Store
2024-10-22T02:04:13+00:00 WARNING Empty patterns received from the PTK Pattern Store
2024-10-22T02:04:13+00:00 WARNING Empty patterns received from the PTK Pattern Store
2024-10-22T02:04:13+00:00 WARNING Empty patterns received from the PTK Pattern Store
2024-10-22T02:04:13+00:00 WARNING Empty patterns received from the PTK Pattern Store
2024-10-22T02:04:13+00:00 WARNING Empty patterns received from the PTK Pattern Store
2024-10-22T02:04:14+00:00 WARNING Empty patterns received from the PTK Pattern Store
2024-10-22T02:04:14+00:00 WARNING Empty patterns received from the PTK Pattern Store
2024-10-22T02:04:14+00:00 WARNING Empty patterns received from the PTK Pattern Store
2024-10-22T02:04:14+00:00 WARNING Empty patterns received from the PTK Pattern Store
2024-10-22T02:04:14+00:00 WARNING Empty patterns received from the PTK Pattern Store
2024-10-22T02:04:14+00:00 WARNING Empty patterns received from the PTK Pattern Store
2024-10-22T02:04:16+00:00 WARNING Empty patterns received from the PTK Pattern Store
2024-10-22T02:04:16+00:00 WARNING Empty patterns received from the PTK Pattern Store
2024-10-22T02:04:16+00:00 WARNING Empty patterns received from the PTK Pattern Store
2024-10-22T02:04:16+00:00 WARNING Empty patterns received from the PTK Pattern Store
2024-10-22T02:04:16+00:00 WARNING Empty patterns received from the PTK Pattern Store
2024-10-22T02:04:17+00:00 WARNING Empty patterns received from the PTK Pattern Store
2024-10-22T02:04:17+00:00 WARNING Empty patterns received from the PTK Pattern Store
2024-10-22T02:04:17+00:00 WARNING Empty patterns received from the PTK Pattern Store
2024-10-22T02:04:17+00:00 WARNING Empty patterns received from the PTK Pattern Store
2024-10-22T02:04:17+00:00 WARNING Empty patterns received from the PTK Pattern Store
2024-10-22T02:05:09+00:00 WARNING Empty patterns received from the PTK Pattern Store
2024-10-22T02:05:09+00:00 WARNING Empty patterns received from the PTK Pattern Store
2024-10-22T02:06:09+00:00 WARNING Empty patterns received from the PTK Pattern Store
2024-10-22T02:06:10+00:00 WARNING Empty patterns received from the PTK Pattern Store
2024-10-22T02:06:24+00:00 WARNING Empty patterns received from the PTK Pattern Store
2024-10-22T02:07:09+00:00 WARNING Empty patterns received from the PTK Pattern Store
2024-10-22T02:07:10+00:00 WARNING Empty patterns received from the PTK Pattern Store
2024-10-22T02:07:30+00:00 WARNING Empty patterns received from the PTK Pattern Store
2024-10-22T02:07:34+00:00 WARNING Empty patterns received from the PTK Pattern Store
2024-10-22T02:07:59+00:00 WARNING Empty patterns received from the PTK Pattern Store
2024-10-22T02:08:00+00:00 WARNING Empty patterns received from the PTK Pattern Store
2024-10-22T02:08:09+00:00 WARNING Empty patterns received from the PTK Pattern Store
2024-10-22T02:08:42+00:00 WARNING Empty patterns received from the PTK Pattern Store
2024-10-22T02:08:42+00:00 WARNING Empty patterns received from the PTK Pattern Store
2024-10-22T02:08:42+00:00 WARNING Empty patterns received from the PTK Pattern Store
2024-10-22T02:08:43+00:00 WARNING Empty patterns received from the PTK Pattern Store
2024-10-22T02:08:44+00:00 WARNING Empty patterns received from the PTK Pattern Store
2024-10-22T02:08:45+00:00 WARNING Empty patterns received from the PTK Pattern Store
2024-10-22T02:08:47+00:00 WARNING Empty patterns received from the PTK Pattern Store
2024-10-22T02:08:47+00:00 WARNING Empty patterns received from the PTK Pattern Store
2024-10-22T02:08:48+00:00 WARNING Empty patterns received from the PTK Pattern Store
2024-10-22T02:08:49+00:00 WARNING Empty patterns received from the PTK Pattern Store
2024-10-22T02:08:49+00:00 WARNING Empty patterns received from the PTK Pattern Store
2024-10-22T02:08:49+00:00 WARNING Empty patterns received from the PTK Pattern Store
2024-10-22T02:08:51+00:00 WARNING Empty patterns received from the PTK Pattern Store
2024-10-22T02:08:51+00:00 WARNING Empty patterns received from the PTK Pattern Store
2024-10-22T02:08:51+00:00 WARNING Empty patterns received from the PTK Pattern Store
2024-10-22T02:08:51+00:00 WARNING Empty patterns received from the PTK Pattern Store
2024-10-22T02:08:51+00:00 WARNING Empty patterns received from the PTK Pattern Store
2024-10-22T02:08:51+00:00 WARNING Empty patterns received from the PTK Pattern Store
2024-10-22T02:08:53+00:00 WARNING Empty patterns received from the PTK Pattern Store
2024-10-22T02:08:53+00:00 WARNING Empty patterns received from the PTK Pattern Store
2024-10-22T02:08:53+00:00 WARNING Empty patterns received from the PTK Pattern Store
2024-10-22T02:08:53+00:00 WARNING Empty patterns received from the PTK Pattern Store
2024-10-22T02:08:53+00:00 WARNING Empty patterns received from the PTK Pattern Store
2024-10-22T02:08:54+00:00 WARNING Empty patterns received from the PTK Pattern Store
2024-10-22T02:08:55+00:00 WARNING Empty patterns received from the PTK Pattern Store
2024-10-22T02:08:55+00:00 WARNING Empty patterns received from the PTK Pattern Store
2024-10-22T02:08:56+00:00 WARNING Empty patterns received from the PTK Pattern Store
2024-10-22T02:09:00+00:00 WARNING Empty patterns received from the PTK Pattern Store
2024-10-22T02:09:00+00:00 WARNING Empty patterns received from the PTK Pattern Store
2024-10-22T02:09:05+00:00 WARNING Empty patterns received from the PTK Pattern Store
2024-10-22T02:09:17+00:00 WARNING Empty patterns received from the PTK Pattern Store
2024-10-22T02:10:11+00:00 WARNING Empty patterns received from the PTK Pattern Store
2024-10-22T02:10:12+00:00 WARNING Empty patterns received from the PTK Pattern Store
2024-10-22T02:11:02+00:00 WARNING Empty patterns received from the PTK Pattern Store
2024-10-22T02:11:03+00:00 WARNING Empty patterns received from the PTK Pattern Store
2024-10-22T02:11:05+00:00 WARNING Empty patterns received from the PTK Pattern Store
2024-10-22T02:11:32+00:00 WARNING Empty patterns received from the PTK Pattern Store
2024-10-22T02:11:38+00:00 WARNING Empty patterns received from the PTK Pattern Store
2024-10-22T02:11:40+00:00 WARNING Empty patterns received from the PTK Pattern Store
2024-10-22T02:11:40+00:00 WARNING Empty patterns received from the PTK Pattern Store
2024-10-22T02:11:40+00:00 WARNING Empty patterns received from the PTK Pattern Store
2024-10-22T02:11:40+00:00 WARNING Empty patterns received from the PTK Pattern Store
2024-10-22T02:11:40+00:00 WARNING Empty patterns received from the PTK Pattern Store
2024-10-22T02:11:42+00:00 WARNING Empty patterns received from the PTK Pattern Store
2024-10-22T02:11:43+00:00 WARNING Empty patterns received from the PTK Pattern Store
2024-10-22T02:12:40+00:00 WARNING Empty patterns received from the PTK Pattern Store
2024-10-22T02:13:40+00:00 WARNING Empty patterns received from the PTK Pattern Store
2024-10-22T02:13:41+00:00 WARNING Empty patterns received from the PTK Pattern Store
2024-10-22T02:14:41+00:00 WARNING Empty patterns received from the PTK Pattern Store
2024-10-22T02:14:42+00:00 WARNING Empty patterns received from the PTK Pattern Store
2024-10-22T02:16:42+00:00 WARNING Empty patterns received from the PTK Pattern Store
2024-10-22T02:16:43+00:00 WARNING Empty patterns received from the PTK Pattern Store
2024-10-22T02:18:43+00:00 WARNING Empty patterns received from the PTK Pattern Store
2024-10-22T02:18:44+00:00 WARNING Empty patterns received from the PTK Pattern Store
2024-10-22T02:20:44+00:00 WARNING Empty patterns received from the PTK Pattern Store
2024-10-22T02:20:45+00:00 WARNING Empty patterns received from the PTK Pattern Store
2024-10-22T02:22:45+00:00 WARNING Empty patterns received from the PTK Pattern Store
2024-10-22T02:22:46+00:00 WARNING Empty patterns received from the PTK Pattern Store
2024-10-22T02:38:24+00:00 WARNING Empty patterns received from the PTK Pattern Store
2024-10-22T02:38:25+00:00 WARNING Empty patterns received from the PTK Pattern Store
2024-10-22T02:39:25+00:00 WARNING Empty patterns received from the PTK Pattern Store
2024-10-22T02:39:26+00:00 WARNING Empty patterns received from the PTK Pattern Store
2024-10-22T02:40:26+00:00 WARNING Empty patterns received from the PTK Pattern Store
2024-10-22T02:40:27+00:00 WARNING Empty patterns received from the PTK Pattern Store
2024-10-22T02:42:27+00:00 WARNING Empty patterns received from the PTK Pattern Store
2024-10-22T02:42:28+00:00 WARNING Empty patterns received from the PTK Pattern Store
2024-10-22T02:44:28+00:00 WARNING Empty patterns received from the PTK Pattern Store
2024-10-22T02:44:29+00:00 WARNING Empty patterns received from the PTK Pattern Store
2024-10-22T02:46:29+00:00 WARNING Empty patterns received from the PTK Pattern Store
2024-10-22T02:46:30+00:00 WARNING Empty patterns received from the PTK Pattern Store
2024-10-22T02:48:30+00:00 WARNING Empty patterns received from the PTK Pattern Store
2024-10-22T02:48:31+00:00 WARNING Empty patterns received from the PTK Pattern Store
2024-10-22T02:50:31+00:00 WARNING Empty patterns received from the PTK Pattern Store
2024-10-22T02:50:32+00:00 WARNING Empty patterns received from the PTK Pattern Store
2024-10-22T03:05:56+00:00 WARNING Empty patterns received from the PTK Pattern Store
2024-10-22T03:05:57+00:00 WARNING Empty patterns received from the PTK Pattern Store
2024-10-22T03:05:57+00:00 WARNING Failed to get WooCommerce patterns from the PTK: "Failed to connect with the Patterns Toolkit API: try again later."
2024-10-22T03:06:56+00:00 WARNING Empty patterns received from the PTK Pattern Store
2024-10-22T03:06:57+00:00 WARNING Empty patterns received from the PTK Pattern Store
2024-10-22T03:08:38+00:00 WARNING Empty patterns received from the PTK Pattern Store
2024-10-22T03:08:39+00:00 WARNING Empty patterns received from the PTK Pattern Store
2024-10-22T03:10:38+00:00 WARNING Empty patterns received from the PTK Pattern Store
2024-10-22T03:10:39+00:00 WARNING Empty patterns received from the PTK Pattern Store
2024-10-22T03:12:39+00:00 WARNING Empty patterns received from the PTK Pattern Store
2024-10-22T03:12:40+00:00 WARNING Empty patterns received from the PTK Pattern Store
2024-10-22T03:14:40+00:00 WARNING Empty patterns received from the PTK Pattern Store
2024-10-22T03:14:41+00:00 WARNING Empty patterns received from the PTK Pattern Store
2024-10-22T03:16:41+00:00 WARNING Empty patterns received from the PTK Pattern Store
2024-10-22T03:16:42+00:00 WARNING Empty patterns received from the PTK Pattern Store
2024-10-22T03:47:18+00:00 WARNING Empty patterns received from the PTK Pattern Store
2024-10-22T03:47:19+00:00 WARNING Empty patterns received from the PTK Pattern Store
2024-10-22T03:47:21+00:00 WARNING Empty patterns received from the PTK Pattern Store
2024-10-22T03:48:18+00:00 WARNING Empty patterns received from the PTK Pattern Store
2024-10-22T03:48:19+00:00 WARNING Empty patterns received from the PTK Pattern Store
2024-10-22T03:50:19+00:00 WARNING Empty patterns received from the PTK Pattern Store
2024-10-22T03:50:20+00:00 WARNING Empty patterns received from the PTK Pattern Store
2024-10-22T03:53:05+00:00 WARNING Empty patterns received from the PTK Pattern Store
2024-10-22T03:53:09+00:00 WARNING Empty patterns received from the PTK Pattern Store
2024-10-22T03:54:21+00:00 WARNING Empty patterns received from the PTK Pattern Store
2024-10-22T03:54:22+00:00 WARNING Empty patterns received from the PTK Pattern Store
2024-10-22T03:56:22+00:00 WARNING Empty patterns received from the PTK Pattern Store
2024-10-22T03:56:23+00:00 WARNING Empty patterns received from the PTK Pattern Store
2024-10-22T03:58:23+00:00 WARNING Empty patterns received from the PTK Pattern Store
2024-10-22T03:58:24+00:00 WARNING Empty patterns received from the PTK Pattern Store
2024-10-22T04:01:19+00:00 WARNING Empty patterns received from the PTK Pattern Store
2024-10-22T04:01:20+00:00 WARNING Empty patterns received from the PTK Pattern Store
2024-10-22T04:02:19+00:00 WARNING Empty patterns received from the PTK Pattern Store
2024-10-22T04:02:20+00:00 WARNING Empty patterns received from the PTK Pattern Store
2024-10-22T04:03:20+00:00 WARNING Empty patterns received from the PTK Pattern Store
2024-10-22T04:03:21+00:00 WARNING Empty patterns received from the PTK Pattern Store
2024-10-22T04:05:15+00:00 WARNING Empty patterns received from the PTK Pattern Store
2024-10-22T04:05:16+00:00 WARNING Empty patterns received from the PTK Pattern Store
2024-10-22T04:05:28+00:00 WARNING Empty patterns received from the PTK Pattern Store
2024-10-22T04:05:29+00:00 INFO Payment gateway enabled: "Midtrans"
2024-10-22T04:05:41+00:00 WARNING Empty patterns received from the PTK Pattern Store
2024-10-22T04:05:41+00:00 WARNING Empty patterns received from the PTK Pattern Store
2024-10-22T04:05:41+00:00 WARNING Empty patterns received from the PTK Pattern Store
2024-10-22T04:05:41+00:00 WARNING Empty patterns received from the PTK Pattern Store
2024-10-22T04:05:41+00:00 WARNING Empty patterns received from the PTK Pattern Store
2024-10-22T04:05:42+00:00 WARNING Empty patterns received from the PTK Pattern Store
2024-10-22T04:05:43+00:00 WARNING Empty patterns received from the PTK Pattern Store
2024-10-22T04:05:53+00:00 WARNING Empty patterns received from the PTK Pattern Store
2024-10-22T04:05:57+00:00 WARNING Empty patterns received from the PTK Pattern Store
2024-10-22T04:05:57+00:00 WARNING Empty patterns received from the PTK Pattern Store
2024-10-22T04:05:57+00:00 WARNING Empty patterns received from the PTK Pattern Store
2024-10-22T04:05:57+00:00 WARNING Empty patterns received from the PTK Pattern Store
2024-10-22T04:05:57+00:00 WARNING Empty patterns received from the PTK Pattern Store
2024-10-22T04:05:57+00:00 WARNING Empty patterns received from the PTK Pattern Store
2024-10-22T04:05:59+00:00 WARNING Empty patterns received from the PTK Pattern Store
2024-10-22T04:05:59+00:00 WARNING Empty patterns received from the PTK Pattern Store
2024-10-22T04:05:59+00:00 WARNING Empty patterns received from the PTK Pattern Store
2024-10-22T04:05:59+00:00 WARNING Empty patterns received from the PTK Pattern Store
2024-10-22T04:05:59+00:00 WARNING Empty patterns received from the PTK Pattern Store
2024-10-22T04:05:59+00:00 WARNING Empty patterns received from the PTK Pattern Store
2024-10-22T04:06:00+00:00 WARNING Empty patterns received from the PTK Pattern Store
2024-10-22T04:06:00+00:00 WARNING Empty patterns received from the PTK Pattern Store
2024-10-22T04:06:00+00:00 WARNING Empty patterns received from the PTK Pattern Store
2024-10-22T04:06:01+00:00 WARNING Empty patterns received from the PTK Pattern Store
2024-10-22T04:06:05+00:00 WARNING Empty patterns received from the PTK Pattern Store
2024-10-22T04:06:05+00:00 WARNING Empty patterns received from the PTK Pattern Store
2024-10-22T04:06:05+00:00 WARNING Empty patterns received from the PTK Pattern Store
2024-10-22T04:06:05+00:00 WARNING Empty patterns received from the PTK Pattern Store
2024-10-22T04:06:05+00:00 WARNING Empty patterns received from the PTK Pattern Store
2024-10-22T04:06:09+00:00 WARNING Empty patterns received from the PTK Pattern Store
2024-10-22T04:06:16+00:00 WARNING Empty patterns received from the PTK Pattern Store
2024-10-22T04:06:16+00:00 WARNING Empty patterns received from the PTK Pattern Store
2024-10-22T04:06:16+00:00 WARNING Empty patterns received from the PTK Pattern Store
2024-10-22T04:06:16+00:00 WARNING Empty patterns received from the PTK Pattern Store
2024-10-22T04:06:16+00:00 WARNING Empty patterns received from the PTK Pattern Store
2024-10-22T04:06:16+00:00 WARNING Empty patterns received from the PTK Pattern Store
2024-10-22T04:06:18+00:00 WARNING Empty patterns received from the PTK Pattern Store
2024-10-22T04:08:16+00:00 WARNING Empty patterns received from the PTK Pattern Store
2024-10-22T04:08:17+00:00 WARNING Empty patterns received from the PTK Pattern Store
2024-10-22T04:08:17+00:00 WARNING Failed to get WooCommerce patterns from the PTK: "Failed to connect with the Patterns Toolkit API: try again later."
2024-10-22T04:08:17+00:00 WARNING Failed to get WooCommerce patterns from the PTK: "Failed to connect with the Patterns Toolkit API: try again later."
2024-10-22T04:08:17+00:00 WARNING Failed to get WooCommerce patterns from the PTK: "Failed to connect with the Patterns Toolkit API: try again later."
2024-10-22T04:08:17+00:00 WARNING Failed to get WooCommerce patterns from the PTK: "Failed to connect with the Patterns Toolkit API: try again later."
2024-10-22T04:08:17+00:00 WARNING Failed to get WooCommerce patterns from the PTK: "Failed to connect with the Patterns Toolkit API: try again later."
2024-10-22T04:08:17+00:00 WARNING Failed to get WooCommerce patterns from the PTK: "Failed to connect with the Patterns Toolkit API: try again later."
2024-10-22T04:10:17+00:00 WARNING Empty patterns received from the PTK Pattern Store
2024-10-22T04:10:18+00:00 WARNING Empty patterns received from the PTK Pattern Store
2024-10-22T04:12:18+00:00 WARNING Empty patterns received from the PTK Pattern Store
2024-10-22T04:12:19+00:00 WARNING Empty patterns received from the PTK Pattern Store
2024-10-22T04:13:10+00:00 WARNING Empty patterns received from the PTK Pattern Store
2024-10-22T04:13:12+00:00 WARNING Empty patterns received from the PTK Pattern Store
2024-10-22T04:13:19+00:00 WARNING Empty patterns received from the PTK Pattern Store
2024-10-22T04:13:22+00:00 WARNING Empty patterns received from the PTK Pattern Store
2024-10-22T04:13:22+00:00 WARNING Empty patterns received from the PTK Pattern Store
2024-10-22T04:13:22+00:00 WARNING Empty patterns received from the PTK Pattern Store
2024-10-22T04:13:22+00:00 WARNING Empty patterns received from the PTK Pattern Store
2024-10-22T04:13:22+00:00 WARNING Empty patterns received from the PTK Pattern Store
2024-10-22T04:13:23+00:00 WARNING Empty patterns received from the PTK Pattern Store
2024-10-22T04:13:23+00:00 WARNING Empty patterns received from the PTK Pattern Store
2024-10-22T04:13:26+00:00 WARNING Empty patterns received from the PTK Pattern Store
2024-10-22T04:13:26+00:00 WARNING Empty patterns received from the PTK Pattern Store
2024-10-22T04:13:26+00:00 WARNING Empty patterns received from the PTK Pattern Store
2024-10-22T04:13:26+00:00 WARNING Empty patterns received from the PTK Pattern Store
2024-10-22T04:13:26+00:00 WARNING Empty patterns received from the PTK Pattern Store
2024-10-22T04:13:27+00:00 WARNING Empty patterns received from the PTK Pattern Store
2024-10-22T04:13:27+00:00 WARNING Empty patterns received from the PTK Pattern Store
2024-10-22T04:13:52+00:00 WARNING Empty patterns received from the PTK Pattern Store
2024-10-22T04:13:53+00:00 WARNING Empty patterns received from the PTK Pattern Store
2024-10-22T04:13:56+00:00 WARNING Empty patterns received from the PTK Pattern Store
2024-10-22T04:13:56+00:00 WARNING Empty patterns received from the PTK Pattern Store
2024-10-22T04:13:56+00:00 WARNING Empty patterns received from the PTK Pattern Store
2024-10-22T04:13:56+00:00 WARNING Empty patterns received from the PTK Pattern Store
2024-10-22T04:13:56+00:00 WARNING Empty patterns received from the PTK Pattern Store
2024-10-22T04:13:57+00:00 WARNING Empty patterns received from the PTK Pattern Store
2024-10-22T04:14:02+00:00 WARNING Empty patterns received from the PTK Pattern Store
2024-10-22T04:14:04+00:00 WARNING Empty patterns received from the PTK Pattern Store
2024-10-22T04:14:05+00:00 WARNING Empty patterns received from the PTK Pattern Store
2024-10-22T04:14:05+00:00 WARNING Empty patterns received from the PTK Pattern Store
2024-10-22T04:14:05+00:00 WARNING Empty patterns received from the PTK Pattern Store
2024-10-22T04:14:05+00:00 WARNING Empty patterns received from the PTK Pattern Store
2024-10-22T04:14:06+00:00 WARNING Empty patterns received from the PTK Pattern Store
2024-10-22T04:14:07+00:00 WARNING Empty patterns received from the PTK Pattern Store
2024-10-22T04:14:09+00:00 WARNING Empty patterns received from the PTK Pattern Store
2024-10-22T04:14:09+00:00 WARNING Empty patterns received from the PTK Pattern Store
2024-10-22T04:14:09+00:00 WARNING Empty patterns received from the PTK Pattern Store
2024-10-22T04:14:09+00:00 WARNING Empty patterns received from the PTK Pattern Store
2024-10-22T04:14:09+00:00 WARNING Empty patterns received from the PTK Pattern Store
2024-10-22T04:14:10+00:00 WARNING Empty patterns received from the PTK Pattern Store
2024-10-22T04:14:11+00:00 WARNING Empty patterns received from the PTK Pattern Store
2024-10-22T04:14:11+00:00 WARNING Empty patterns received from the PTK Pattern Store
2024-10-22T04:15:09+00:00 WARNING Empty patterns received from the PTK Pattern Store
2024-10-22T04:15:10+00:00 WARNING Empty patterns received from the PTK Pattern Store
2024-10-22T04:17:09+00:00 WARNING Empty patterns received from the PTK Pattern Store
2024-10-22T04:17:10+00:00 WARNING Empty patterns received from the PTK Pattern Store
2024-10-22T04:17:23+00:00 WARNING Empty patterns received from the PTK Pattern Store
2024-10-22T04:17:26+00:00 WARNING Empty patterns received from the PTK Pattern Store
2024-10-22T04:17:26+00:00 WARNING Empty patterns received from the PTK Pattern Store
2024-10-22T04:17:26+00:00 WARNING Empty patterns received from the PTK Pattern Store
2024-10-22T04:17:26+00:00 WARNING Empty patterns received from the PTK Pattern Store
2024-10-22T04:17:26+00:00 WARNING Empty patterns received from the PTK Pattern Store
2024-10-22T04:17:28+00:00 WARNING Empty patterns received from the PTK Pattern Store
2024-10-22T04:17:34+00:00 WARNING Empty patterns received from the PTK Pattern Store
2024-10-22T04:17:38+00:00 WARNING Empty patterns received from the PTK Pattern Store
2024-10-22T04:17:45+00:00 WARNING Empty patterns received from the PTK Pattern Store
2024-10-22T04:17:46+00:00 WARNING Empty patterns received from the PTK Pattern Store
2024-10-22T04:17:52+00:00 WARNING Empty patterns received from the PTK Pattern Store
2024-10-22T04:17:53+00:00 WARNING Empty patterns received from the PTK Pattern Store
2024-10-22T04:18:01+00:00 WARNING Empty patterns received from the PTK Pattern Store
2024-10-22T04:18:09+00:00 WARNING Empty patterns received from the PTK Pattern Store
2024-10-22T04:20:10+00:00 WARNING Empty patterns received from the PTK Pattern Store
2024-10-22T04:20:11+00:00 WARNING Empty patterns received from the PTK Pattern Store
2024-10-22T04:21:11+00:00 WARNING Empty patterns received from the PTK Pattern Store
2024-10-22T04:21:12+00:00 WARNING Empty patterns received from the PTK Pattern Store
2024-10-22T04:22:11+00:00 WARNING Empty patterns received from the PTK Pattern Store
2024-10-22T04:22:11+00:00 WARNING Empty patterns received from the PTK Pattern Store
2024-10-22T04:22:12+00:00 WARNING Empty patterns received from the PTK Pattern Store
2024-10-22T04:22:14+00:00 WARNING Empty patterns received from the PTK Pattern Store
2024-10-22T04:22:14+00:00 WARNING Empty patterns received from the PTK Pattern Store
2024-10-22T04:22:14+00:00 WARNING Empty patterns received from the PTK Pattern Store
2024-10-22T04:22:14+00:00 WARNING Empty patterns received from the PTK Pattern Store
2024-10-22T04:22:14+00:00 WARNING Empty patterns received from the PTK Pattern Store
2024-10-22T04:22:15+00:00 WARNING Empty patterns received from the PTK Pattern Store
2024-10-22T04:23:14+00:00 WARNING Empty patterns received from the PTK Pattern Store
2024-10-22T04:23:15+00:00 WARNING Empty patterns received from the PTK Pattern Store
2024-10-22T04:24:09+00:00 WARNING Empty patterns received from the PTK Pattern Store
2024-10-22T04:24:10+00:00 WARNING Empty patterns received from the PTK Pattern Store
2024-10-22T04:24:13+00:00 WARNING Empty patterns received from the PTK Pattern Store
2024-10-22T04:24:13+00:00 WARNING Empty patterns received from the PTK Pattern Store
2024-10-22T04:24:13+00:00 WARNING Empty patterns received from the PTK Pattern Store
2024-10-22T04:24:13+00:00 WARNING Empty patterns received from the PTK Pattern Store
2024-10-22T04:24:13+00:00 WARNING Empty patterns received from the PTK Pattern Store
2024-10-22T04:24:15+00:00 WARNING Empty patterns received from the PTK Pattern Store
2024-10-22T04:24:17+00:00 WARNING Empty patterns received from the PTK Pattern Store
2024-10-22T04:24:19+00:00 WARNING Empty patterns received from the PTK Pattern Store
2024-10-22T04:24:19+00:00 WARNING Empty patterns received from the PTK Pattern Store
2024-10-22T04:24:19+00:00 WARNING Empty patterns received from the PTK Pattern Store
2024-10-22T04:24:19+00:00 WARNING Empty patterns received from the PTK Pattern Store
2024-10-22T04:24:19+00:00 WARNING Empty patterns received from the PTK Pattern Store
2024-10-22T04:24:19+00:00 WARNING Empty patterns received from the PTK Pattern Store
2024-10-22T04:24:21+00:00 WARNING Empty patterns received from the PTK Pattern Store
2024-10-22T04:24:21+00:00 WARNING Empty patterns received from the PTK Pattern Store
2024-10-22T04:24:40+00:00 WARNING Empty patterns received from the PTK Pattern Store
2024-10-22T04:24:43+00:00 WARNING Empty patterns received from the PTK Pattern Store
2024-10-22T04:24:43+00:00 WARNING Empty patterns received from the PTK Pattern Store
2024-10-22T04:24:43+00:00 WARNING Empty patterns received from the PTK Pattern Store
2024-10-22T04:24:43+00:00 WARNING Empty patterns received from the PTK Pattern Store
2024-10-22T04:24:43+00:00 WARNING Empty patterns received from the PTK Pattern Store
2024-10-22T04:24:44+00:00 WARNING Empty patterns received from the PTK Pattern Store
2024-10-22T04:24:44+00:00 WARNING Empty patterns received from the PTK Pattern Store
2024-10-22T04:24:45+00:00 WARNING Empty patterns received from the PTK Pattern Store
2024-10-22T04:24:49+00:00 WARNING Empty patterns received from the PTK Pattern Store
2024-10-22T04:24:54+00:00 WARNING Empty patterns received from the PTK Pattern Store
2024-10-22T04:25:04+00:00 WARNING Empty patterns received from the PTK Pattern Store
2024-10-22T04:25:15+00:00 WARNING Empty patterns received from the PTK Pattern Store
2024-10-22T04:25:22+00:00 WARNING Empty patterns received from the PTK Pattern Store
2024-10-22T04:25:23+00:00 WARNING Empty patterns received from the PTK Pattern Store
2024-10-22T04:25:26+00:00 WARNING Empty patterns received from the PTK Pattern Store
2024-10-22T04:25:43+00:00 WARNING Empty patterns received from the PTK Pattern Store
2024-10-22T04:25:44+00:00 WARNING Empty patterns received from the PTK Pattern Store
2024-10-22T04:25:45+00:00 WARNING Empty patterns received from the PTK Pattern Store
2024-10-22T04:26:43+00:00 WARNING Empty patterns received from the PTK Pattern Store
2024-10-22T04:26:43+00:00 WARNING Empty patterns received from the PTK Pattern Store
2024-10-22T04:26:44+00:00 WARNING Empty patterns received from the PTK Pattern Store
2024-10-22T04:26:46+00:00 WARNING Empty patterns received from the PTK Pattern Store
2024-10-22T04:26:46+00:00 WARNING Empty patterns received from the PTK Pattern Store
2024-10-22T04:26:46+00:00 WARNING Empty patterns received from the PTK Pattern Store
2024-10-22T04:26:46+00:00 WARNING Empty patterns received from the PTK Pattern Store
2024-10-22T04:26:46+00:00 WARNING Empty patterns received from the PTK Pattern Store
2024-10-22T04:26:46+00:00 WARNING Empty patterns received from the PTK Pattern Store
2024-10-22T04:26:47+00:00 WARNING Empty patterns received from the PTK Pattern Store
2024-10-22T04:26:47+00:00 WARNING Empty patterns received from the PTK Pattern Store
2024-10-22T04:26:50+00:00 WARNING Empty patterns received from the PTK Pattern Store
2024-10-22T04:26:56+00:00 WARNING Empty patterns received from the PTK Pattern Store
2024-10-22T04:26:56+00:00 INFO Payment gateway enabled: "Midtrans"
2024-10-22T04:27:33+00:00 WARNING Empty patterns received from the PTK Pattern Store
2024-10-22T04:27:33+00:00 WARNING Empty patterns received from the PTK Pattern Store
2024-10-22T04:27:33+00:00 WARNING Empty patterns received from the PTK Pattern Store
2024-10-22T04:27:33+00:00 WARNING Empty patterns received from the PTK Pattern Store
2024-10-22T04:27:43+00:00 WARNING Empty patterns received from the PTK Pattern Store
2024-10-22T04:27:44+00:00 WARNING Empty patterns received from the PTK Pattern Store
2024-10-22T04:27:46+00:00 WARNING Empty patterns received from the PTK Pattern Store
2024-10-22T04:28:58+00:00 WARNING Empty patterns received from the PTK Pattern Store
2024-10-22T04:29:00+00:00 WARNING Empty patterns received from the PTK Pattern Store
2024-10-22T04:29:07+00:00 WARNING Empty patterns received from the PTK Pattern Store
2024-10-22T04:29:08+00:00 WARNING Empty patterns received from the PTK Pattern Store
2024-10-22T04:29:11+00:00 WARNING Empty patterns received from the PTK Pattern Store
2024-10-22T04:29:11+00:00 WARNING Empty patterns received from the PTK Pattern Store
2024-10-22T04:29:17+00:00 WARNING Empty patterns received from the PTK Pattern Store
2024-10-22T04:29:45+00:00 WARNING Empty patterns received from the PTK Pattern Store
2024-10-22T04:29:46+00:00 WARNING Empty patterns received from the PTK Pattern Store
2024-10-22T04:29:47+00:00 WARNING Empty patterns received from the PTK Pattern Store
2024-10-22T04:30:15+00:00 WARNING Empty patterns received from the PTK Pattern Store
2024-10-22T04:30:27+00:00 WARNING Empty patterns received from the PTK Pattern Store
2024-10-22T04:30:30+00:00 WARNING Empty patterns received from the PTK Pattern Store
2024-10-22T04:30:30+00:00 WARNING Empty patterns received from the PTK Pattern Store
2024-10-22T04:30:30+00:00 WARNING Empty patterns received from the PTK Pattern Store
2024-10-22T04:30:30+00:00 WARNING Empty patterns received from the PTK Pattern Store
2024-10-22T04:30:31+00:00 WARNING Empty patterns received from the PTK Pattern Store
2024-10-22T04:30:32+00:00 WARNING Empty patterns received from the PTK Pattern Store
2024-10-22T04:30:48+00:00 WARNING Empty patterns received from the PTK Pattern Store
2024-10-22T04:30:49+00:00 WARNING Empty patterns received from the PTK Pattern Store
2024-10-22T04:31:30+00:00 WARNING Empty patterns received from the PTK Pattern Store
2024-10-22T04:31:48+00:00 WARNING Empty patterns received from the PTK Pattern Store
2024-10-22T04:31:49+00:00 WARNING Empty patterns received from the PTK Pattern Store
2024-10-22T04:31:52+00:00 WARNING Empty patterns received from the PTK Pattern Store
2024-10-22T04:31:52+00:00 WARNING Empty patterns received from the PTK Pattern Store
2024-10-22T04:31:52+00:00 WARNING Empty patterns received from the PTK Pattern Store
2024-10-22T04:31:52+00:00 WARNING Empty patterns received from the PTK Pattern Store
2024-10-22T04:31:52+00:00 WARNING Empty patterns received from the PTK Pattern Store
2024-10-22T04:31:54+00:00 WARNING Empty patterns received from the PTK Pattern Store
2024-10-22T04:32:49+00:00 WARNING Empty patterns received from the PTK Pattern Store
2024-10-22T04:32:50+00:00 WARNING Empty patterns received from the PTK Pattern Store
2024-10-22T04:33:52+00:00 WARNING Empty patterns received from the PTK Pattern Store
2024-10-22T04:33:53+00:00 WARNING Empty patterns received from the PTK Pattern Store
2024-10-22T04:34:50+00:00 WARNING Empty patterns received from the PTK Pattern Store
2024-10-22T04:34:51+00:00 WARNING Empty patterns received from the PTK Pattern Store
2024-10-22T04:35:53+00:00 WARNING Empty patterns received from the PTK Pattern Store
2024-10-22T04:35:54+00:00 WARNING Empty patterns received from the PTK Pattern Store
2024-10-22T04:36:51+00:00 WARNING Empty patterns received from the PTK Pattern Store
2024-10-22T04:36:52+00:00 WARNING Empty patterns received from the PTK Pattern Store
2024-10-22T04:37:54+00:00 WARNING Empty patterns received from the PTK Pattern Store
2024-10-22T04:37:55+00:00 WARNING Empty patterns received from the PTK Pattern Store
2024-10-22T04:38:52+00:00 WARNING Empty patterns received from the PTK Pattern Store
2024-10-22T04:38:53+00:00 WARNING Empty patterns received from the PTK Pattern Store
2024-10-22T04:39:31+00:00 WARNING Empty patterns received from the PTK Pattern Store
2024-10-22T04:39:44+00:00 WARNING Empty patterns received from the PTK Pattern Store
2024-10-22T04:39:45+00:00 WARNING Empty patterns received from the PTK Pattern Store
2024-10-22T04:39:51+00:00 WARNING Empty patterns received from the PTK Pattern Store
2024-10-22T04:39:57+00:00 WARNING Empty patterns received from the PTK Pattern Store
2024-10-22T04:40:31+00:00 WARNING Empty patterns received from the PTK Pattern Store
2024-10-22T04:40:52+00:00 WARNING Empty patterns received from the PTK Pattern Store
2024-10-22T04:40:53+00:00 WARNING Empty patterns received from the PTK Pattern Store
2024-10-22T04:40:53+00:00 WARNING Empty patterns received from the PTK Pattern Store
2024-10-22T04:40:54+00:00 WARNING Empty patterns received from the PTK Pattern Store
2024-10-22T04:40:56+00:00 WARNING Empty patterns received from the PTK Pattern Store
2024-10-22T04:40:56+00:00 WARNING Empty patterns received from the PTK Pattern Store
2024-10-22T04:40:56+00:00 WARNING Empty patterns received from the PTK Pattern Store
2024-10-22T04:40:56+00:00 WARNING Empty patterns received from the PTK Pattern Store
2024-10-22T04:40:56+00:00 WARNING Empty patterns received from the PTK Pattern Store
2024-10-22T04:40:56+00:00 WARNING Empty patterns received from the PTK Pattern Store
2024-10-22T04:40:58+00:00 WARNING Empty patterns received from the PTK Pattern Store
2024-10-22T04:40:58+00:00 WARNING Empty patterns received from the PTK Pattern Store
2024-10-22T04:40:59+00:00 WARNING Empty patterns received from the PTK Pattern Store
2024-10-22T04:41:02+00:00 WARNING Empty patterns received from the PTK Pattern Store
2024-10-22T04:41:02+00:00 WARNING Empty patterns received from the PTK Pattern Store
2024-10-22T04:41:02+00:00 WARNING Empty patterns received from the PTK Pattern Store
2024-10-22T04:41:02+00:00 WARNING Empty patterns received from the PTK Pattern Store
2024-10-22T04:41:02+00:00 WARNING Empty patterns received from the PTK Pattern Store
2024-10-22T04:41:02+00:00 WARNING Empty patterns received from the PTK Pattern Store
2024-10-22T04:41:04+00:00 WARNING Empty patterns received from the PTK Pattern Store
2024-10-22T04:41:04+00:00 WARNING Empty patterns received from the PTK Pattern Store
2024-10-22T04:41:07+00:00 WARNING Empty patterns received from the PTK Pattern Store
2024-10-22T04:41:11+00:00 WARNING Empty patterns received from the PTK Pattern Store
2024-10-22T04:41:11+00:00 INFO Payment gateway enabled: "Midtrans"
2024-10-22T04:41:13+00:00 WARNING Empty patterns received from the PTK Pattern Store
2024-10-22T04:41:14+00:00 INFO Payment gateway enabled: "Midtrans Specific: GoPay & QRIS"
2024-10-22T04:41:15+00:00 WARNING Empty patterns received from the PTK Pattern Store
2024-10-22T04:41:16+00:00 INFO Payment gateway enabled: "Midtrans Specific: ShopeePay & QRIS"
2024-10-22T04:41:18+00:00 WARNING Empty patterns received from the PTK Pattern Store
2024-10-22T04:41:20+00:00 WARNING Empty patterns received from the PTK Pattern Store
2024-10-22T04:41:20+00:00 WARNING Empty patterns received from the PTK Pattern Store
2024-10-22T04:41:20+00:00 WARNING Empty patterns received from the PTK Pattern Store
2024-10-22T04:41:20+00:00 WARNING Empty patterns received from the PTK Pattern Store
2024-10-22T04:41:21+00:00 WARNING Empty patterns received from the PTK Pattern Store
2024-10-22T04:41:22+00:00 WARNING Empty patterns received from the PTK Pattern Store
2024-10-22T04:41:31+00:00 WARNING Empty patterns received from the PTK Pattern Store
2024-10-22T04:42:39+00:00 WARNING Empty patterns received from the PTK Pattern Store
2024-10-22T04:42:40+00:00 WARNING Empty patterns received from the PTK Pattern Store
2024-10-22T04:42:43+00:00 WARNING Empty patterns received from the PTK Pattern Store
2024-10-22T04:42:46+00:00 WARNING Empty patterns received from the PTK Pattern Store
2024-10-22T04:43:10+00:00 WARNING Empty patterns received from the PTK Pattern Store
2024-10-22T04:43:12+00:00 WARNING Empty patterns received from the PTK Pattern Store
2024-10-22T04:43:19+00:00 WARNING Empty patterns received from the PTK Pattern Store
2024-10-22T04:43:22+00:00 WARNING Empty patterns received from the PTK Pattern Store
2024-10-22T04:43:22+00:00 WARNING Empty patterns received from the PTK Pattern Store
2024-10-22T04:43:22+00:00 WARNING Empty patterns received from the PTK Pattern Store
2024-10-22T04:43:22+00:00 WARNING Empty patterns received from the PTK Pattern Store
2024-10-22T04:43:22+00:00 WARNING Empty patterns received from the PTK Pattern Store
2024-10-22T04:43:23+00:00 WARNING Empty patterns received from the PTK Pattern Store
2024-10-22T04:43:23+00:00 WARNING Empty patterns received from the PTK Pattern Store
2024-10-22T04:43:25+00:00 WARNING Empty patterns received from the PTK Pattern Store
2024-10-22T04:43:26+00:00 WARNING Empty patterns received from the PTK Pattern Store
2024-10-22T04:43:26+00:00 WARNING Empty patterns received from the PTK Pattern Store
2024-10-22T04:43:26+00:00 WARNING Empty patterns received from the PTK Pattern Store
2024-10-22T04:43:26+00:00 WARNING Empty patterns received from the PTK Pattern Store
2024-10-22T04:43:26+00:00 WARNING Empty patterns received from the PTK Pattern Store
2024-10-22T04:43:27+00:00 WARNING Empty patterns received from the PTK Pattern Store
2024-10-22T04:43:27+00:00 WARNING Empty patterns received from the PTK Pattern Store
2024-10-22T04:43:27+00:00 WARNING Empty patterns received from the PTK Pattern Store
2024-10-22T04:43:30+00:00 WARNING Empty patterns received from the PTK Pattern Store
2024-10-22T04:43:30+00:00 WARNING Empty patterns received from the PTK Pattern Store
2024-10-22T04:43:30+00:00 WARNING Empty patterns received from the PTK Pattern Store
2024-10-22T04:43:30+00:00 WARNING Empty patterns received from the PTK Pattern Store
2024-10-22T04:43:30+00:00 WARNING Empty patterns received from the PTK Pattern Store
2024-10-22T04:43:31+00:00 WARNING Empty patterns received from the PTK Pattern Store
2024-10-22T04:43:34+00:00 WARNING Empty patterns received from the PTK Pattern Store
2024-10-22T04:43:36+00:00 WARNING Empty patterns received from the PTK Pattern Store
2024-10-22T04:43:36+00:00 WARNING Empty patterns received from the PTK Pattern Store
2024-10-22T04:43:36+00:00 WARNING Empty patterns received from the PTK Pattern Store
2024-10-22T04:43:36+00:00 WARNING Empty patterns received from the PTK Pattern Store
2024-10-22T04:43:37+00:00 WARNING Empty patterns received from the PTK Pattern Store
2024-10-22T04:43:38+00:00 WARNING Empty patterns received from the PTK Pattern Store
2024-10-22T04:43:39+00:00 WARNING Empty patterns received from the PTK Pattern Store
2024-10-22T04:43:39+00:00 INFO Payment gateway enabled: "Midtrans"
2024-10-22T04:43:42+00:00 WARNING Empty patterns received from the PTK Pattern Store
2024-10-22T04:43:42+00:00 WARNING Empty patterns received from the PTK Pattern Store
2024-10-22T04:43:42+00:00 WARNING Empty patterns received from the PTK Pattern Store
2024-10-22T04:43:42+00:00 WARNING Empty patterns received from the PTK Pattern Store
2024-10-22T04:43:43+00:00 WARNING Empty patterns received from the PTK Pattern Store
2024-10-22T04:43:44+00:00 WARNING Empty patterns received from the PTK Pattern Store
2024-10-22T04:43:48+00:00 WARNING Empty patterns received from the PTK Pattern Store
2024-10-22T04:43:51+00:00 WARNING Empty patterns received from the PTK Pattern Store
2024-10-22T04:43:51+00:00 WARNING Empty patterns received from the PTK Pattern Store
2024-10-22T04:43:51+00:00 WARNING Empty patterns received from the PTK Pattern Store
2024-10-22T04:43:51+00:00 WARNING Empty patterns received from the PTK Pattern Store
2024-10-22T04:43:51+00:00 WARNING Empty patterns received from the PTK Pattern Store
2024-10-22T04:43:52+00:00 WARNING Empty patterns received from the PTK Pattern Store
2024-10-22T04:44:37+00:00 WARNING Empty patterns received from the PTK Pattern Store
2024-10-22T04:44:39+00:00 WARNING Empty patterns received from the PTK Pattern Store
2024-10-22T04:44:39+00:00 WARNING Empty patterns received from the PTK Pattern Store
2024-10-22T04:44:39+00:00 WARNING Empty patterns received from the PTK Pattern Store
2024-10-22T04:44:39+00:00 WARNING Empty patterns received from the PTK Pattern Store
2024-10-22T04:44:39+00:00 WARNING Empty patterns received from the PTK Pattern Store
2024-10-22T04:44:41+00:00 WARNING Empty patterns received from the PTK Pattern Store
2024-10-22T04:44:42+00:00 WARNING Empty patterns received from the PTK Pattern Store
2024-10-22T04:44:46+00:00 WARNING Empty patterns received from the PTK Pattern Store
2024-10-22T04:44:49+00:00 WARNING Empty patterns received from the PTK Pattern Store
2024-10-22T04:44:49+00:00 WARNING Empty patterns received from the PTK Pattern Store
2024-10-22T04:44:49+00:00 WARNING Empty patterns received from the PTK Pattern Store
2024-10-22T04:44:49+00:00 WARNING Empty patterns received from the PTK Pattern Store
2024-10-22T04:44:49+00:00 WARNING Empty patterns received from the PTK Pattern Store
2024-10-22T04:44:49+00:00 WARNING Empty patterns received from the PTK Pattern Store
2024-10-22T04:44:50+00:00 WARNING Empty patterns received from the PTK Pattern Store
2024-10-22T04:44:50+00:00 WARNING Empty patterns received from the PTK Pattern Store
2024-10-22T04:44:50+00:00 WARNING Empty patterns received from the PTK Pattern Store
2024-10-22T04:44:50+00:00 WARNING Empty patterns received from the PTK Pattern Store
2024-10-22T04:44:52+00:00 WARNING Empty patterns received from the PTK Pattern Store
2024-10-22T04:45:49+00:00 WARNING Empty patterns received from the PTK Pattern Store
2024-10-22T04:45:50+00:00 WARNING Empty patterns received from the PTK Pattern Store
2024-10-22T04:47:25+00:00 WARNING Empty patterns received from the PTK Pattern Store
2024-10-22T04:47:26+00:00 WARNING Empty patterns received from the PTK Pattern Store
2024-10-22T04:48:06+00:00 WARNING Empty patterns received from the PTK Pattern Store
2024-10-22T04:48:07+00:00 WARNING Empty patterns received from the PTK Pattern Store
2024-10-22T04:48:10+00:00 WARNING Empty patterns received from the PTK Pattern Store
2024-10-22T04:48:10+00:00 WARNING Empty patterns received from the PTK Pattern Store
2024-10-22T04:48:10+00:00 WARNING Empty patterns received from the PTK Pattern Store
2024-10-22T04:48:10+00:00 WARNING Empty patterns received from the PTK Pattern Store
2024-10-22T04:48:10+00:00 WARNING Empty patterns received from the PTK Pattern Store
2024-10-22T04:48:11+00:00 WARNING Empty patterns received from the PTK Pattern Store
2024-10-22T04:48:11+00:00 WARNING Empty patterns received from the PTK Pattern Store
2024-10-22T04:48:14+00:00 WARNING Empty patterns received from the PTK Pattern Store
2024-10-22T04:48:14+00:00 WARNING Empty patterns received from the PTK Pattern Store
2024-10-22T04:48:14+00:00 WARNING Empty patterns received from the PTK Pattern Store
2024-10-22T04:48:14+00:00 WARNING Empty patterns received from the PTK Pattern Store
2024-10-22T04:48:14+00:00 WARNING Empty patterns received from the PTK Pattern Store
2024-10-22T04:48:14+00:00 WARNING Empty patterns received from the PTK Pattern Store
2024-10-22T04:48:15+00:00 WARNING Empty patterns received from the PTK Pattern Store
2024-10-22T04:48:16+00:00 WARNING Empty patterns received from the PTK Pattern Store
2024-10-22T04:48:39+00:00 WARNING Empty patterns received from the PTK Pattern Store
2024-10-22T04:48:42+00:00 WARNING Empty patterns received from the PTK Pattern Store
2024-10-22T04:48:42+00:00 WARNING Empty patterns received from the PTK Pattern Store
2024-10-22T04:48:42+00:00 WARNING Empty patterns received from the PTK Pattern Store
2024-10-22T04:48:42+00:00 WARNING Empty patterns received from the PTK Pattern Store
2024-10-22T04:48:42+00:00 WARNING Empty patterns received from the PTK Pattern Store
2024-10-22T04:48:43+00:00 WARNING Empty patterns received from the PTK Pattern Store
2024-10-22T04:48:44+00:00 WARNING Empty patterns received from the PTK Pattern Store
2024-10-22T04:49:42+00:00 WARNING Empty patterns received from the PTK Pattern Store
2024-10-22T04:49:43+00:00 WARNING Empty patterns received from the PTK Pattern Store
2024-10-22T04:51:13+00:00 WARNING Empty patterns received from the PTK Pattern Store
2024-10-22T04:51:14+00:00 WARNING Empty patterns received from the PTK Pattern Store
2024-10-22T04:51:17+00:00 WARNING Empty patterns received from the PTK Pattern Store
2024-10-22T04:51:19+00:00 WARNING Empty patterns received from the PTK Pattern Store
2024-10-22T04:51:20+00:00 WARNING Empty patterns received from the PTK Pattern Store
2024-10-22T04:51:20+00:00 WARNING Empty patterns received from the PTK Pattern Store
2024-10-22T04:51:20+00:00 WARNING Empty patterns received from the PTK Pattern Store
2024-10-22T04:51:20+00:00 WARNING Empty patterns received from the PTK Pattern Store
2024-10-22T04:51:20+00:00 WARNING Empty patterns received from the PTK Pattern Store
2024-10-22T04:51:21+00:00 WARNING Empty patterns received from the PTK Pattern Store
2024-10-22T04:51:23+00:00 WARNING Empty patterns received from the PTK Pattern Store
2024-10-22T04:51:23+00:00 WARNING Empty patterns received from the PTK Pattern Store
2024-10-22T04:51:24+00:00 WARNING Empty patterns received from the PTK Pattern Store
2024-10-22T04:51:24+00:00 WARNING Empty patterns received from the PTK Pattern Store
2024-10-22T04:51:24+00:00 WARNING Empty patterns received from the PTK Pattern Store
2024-10-22T04:51:24+00:00 WARNING Empty patterns received from the PTK Pattern Store
2024-10-22T04:51:25+00:00 WARNING Empty patterns received from the PTK Pattern Store
2024-10-22T04:51:26+00:00 WARNING Empty patterns received from the PTK Pattern Store
2024-10-22T04:52:24+00:00 WARNING Empty patterns received from the PTK Pattern Store
2024-10-22T04:52:25+00:00 WARNING Empty patterns received from the PTK Pattern Store
2024-10-22T04:53:01+00:00 WARNING Empty patterns received from the PTK Pattern Store
2024-10-22T04:53:02+00:00 WARNING Empty patterns received from the PTK Pattern Store
2024-10-22T04:53:07+00:00 WARNING Empty patterns received from the PTK Pattern Store
2024-10-22T04:53:25+00:00 WARNING Empty patterns received from the PTK Pattern Store
2024-10-22T04:55:26+00:00 WARNING Empty patterns received from the PTK Pattern Store
2024-10-22T04:55:27+00:00 WARNING Empty patterns received from the PTK Pattern Store
2024-10-22T04:56:35+00:00 WARNING Empty patterns received from the PTK Pattern Store
2024-10-22T04:56:36+00:00 WARNING Empty patterns received from the PTK Pattern Store
2024-10-22T04:56:38+00:00 WARNING Empty patterns received from the PTK Pattern Store
2024-10-22T04:57:21+00:00 WARNING Empty patterns received from the PTK Pattern Store
2024-10-22T04:57:22+00:00 WARNING Empty patterns received from the PTK Pattern Store
2024-10-22T04:57:41+00:00 WARNING Empty patterns received from the PTK Pattern Store
2024-10-22T04:57:42+00:00 WARNING Empty patterns received from the PTK Pattern Store
2024-10-22T04:59:42+00:00 WARNING Empty patterns received from the PTK Pattern Store
2024-10-22T04:59:43+00:00 WARNING Empty patterns received from the PTK Pattern Store
2024-10-22T05:00:42+00:00 WARNING Empty patterns received from the PTK Pattern Store
2024-10-22T05:00:43+00:00 WARNING Empty patterns received from the PTK Pattern Store
2024-10-22T05:00:46+00:00 WARNING Empty patterns received from the PTK Pattern Store
2024-10-22T05:00:49+00:00 WARNING Empty patterns received from the PTK Pattern Store
2024-10-22T05:00:49+00:00 WARNING Empty patterns received from the PTK Pattern Store
2024-10-22T05:00:49+00:00 WARNING Empty patterns received from the PTK Pattern Store
2024-10-22T05:00:49+00:00 WARNING Empty patterns received from the PTK Pattern Store
2024-10-22T05:00:49+00:00 WARNING Empty patterns received from the PTK Pattern Store
2024-10-22T05:00:51+00:00 WARNING Empty patterns received from the PTK Pattern Store
2024-10-22T05:01:49+00:00 WARNING Empty patterns received from the PTK Pattern Store
2024-10-22T05:01:50+00:00 WARNING Empty patterns received from the PTK Pattern Store
2024-10-22T05:01:53+00:00 WARNING Empty patterns received from the PTK Pattern Store
2024-10-22T05:01:56+00:00 WARNING Empty patterns received from the PTK Pattern Store
2024-10-22T05:01:56+00:00 WARNING Empty patterns received from the PTK Pattern Store
2024-10-22T05:01:56+00:00 WARNING Empty patterns received from the PTK Pattern Store
2024-10-22T05:01:56+00:00 WARNING Empty patterns received from the PTK Pattern Store
2024-10-22T05:01:56+00:00 WARNING Empty patterns received from the PTK Pattern Store
2024-10-22T05:01:56+00:00 WARNING Empty patterns received from the PTK Pattern Store
2024-10-22T05:01:58+00:00 WARNING Empty patterns received from the PTK Pattern Store
2024-10-22T05:01:58+00:00 WARNING Empty patterns received from the PTK Pattern Store
2024-10-22T05:02:56+00:00 WARNING Empty patterns received from the PTK Pattern Store
2024-10-22T05:02:57+00:00 WARNING Empty patterns received from the PTK Pattern Store
2024-10-22T05:04:56+00:00 WARNING Empty patterns received from the PTK Pattern Store
2024-10-22T05:04:57+00:00 WARNING Empty patterns received from the PTK Pattern Store
2024-10-22T05:06:56+00:00 WARNING Empty patterns received from the PTK Pattern Store
2024-10-22T05:06:57+00:00 WARNING Empty patterns received from the PTK Pattern Store
2024-10-22T05:06:57+00:00 WARNING Failed to get WooCommerce patterns from the PTK: "Failed to connect with the Patterns Toolkit API: try again later."
2024-10-22T05:08:55+00:00 WARNING Empty patterns received from the PTK Pattern Store
2024-10-22T05:08:56+00:00 WARNING Empty patterns received from the PTK Pattern Store
2024-10-22T05:09:55+00:00 WARNING Empty patterns received from the PTK Pattern Store
2024-10-22T05:09:56+00:00 WARNING Empty patterns received from the PTK Pattern Store
2024-10-22T05:10:26+00:00 WARNING Empty patterns received from the PTK Pattern Store
2024-10-22T05:10:36+00:00 WARNING Empty patterns received from the PTK Pattern Store
2024-10-22T05:10:45+00:00 WARNING Empty patterns received from the PTK Pattern Store
2024-10-22T05:10:46+00:00 WARNING Empty patterns received from the PTK Pattern Store
2024-10-22T05:10:48+00:00 WARNING Empty patterns received from the PTK Pattern Store
2024-10-22T05:10:52+00:00 WARNING Empty patterns received from the PTK Pattern Store
2024-10-22T05:10:52+00:00 WARNING Empty patterns received from the PTK Pattern Store
2024-10-22T05:10:52+00:00 WARNING Empty patterns received from the PTK Pattern Store
2024-10-22T05:10:52+00:00 WARNING Empty patterns received from the PTK Pattern Store
2024-10-22T05:10:52+00:00 WARNING Empty patterns received from the PTK Pattern Store
2024-10-22T05:10:52+00:00 WARNING Empty patterns received from the PTK Pattern Store
2024-10-22T05:10:53+00:00 WARNING Empty patterns received from the PTK Pattern Store
2024-10-22T05:11:06+00:00 WARNING Empty patterns received from the PTK Pattern Store
2024-10-22T05:11:13+00:00 WARNING Empty patterns received from the PTK Pattern Store
2024-10-22T05:11:15+00:00 WARNING Empty patterns received from the PTK Pattern Store
2024-10-22T05:11:22+00:00 WARNING Empty patterns received from the PTK Pattern Store
2024-10-22T05:11:23+00:00 WARNING Empty patterns received from the PTK Pattern Store
2024-10-22T05:11:27+00:00 WARNING Empty patterns received from the PTK Pattern Store
2024-10-22T05:11:36+00:00 WARNING Empty patterns received from the PTK Pattern Store
2024-10-22T05:11:38+00:00 WARNING Empty patterns received from the PTK Pattern Store
2024-10-22T05:11:41+00:00 WARNING Empty patterns received from the PTK Pattern Store
2024-10-22T05:11:42+00:00 WARNING Empty patterns received from the PTK Pattern Store
2024-10-22T05:12:38+00:00 WARNING Empty patterns received from the PTK Pattern Store
2024-10-22T05:12:40+00:00 WARNING Empty patterns received from the PTK Pattern Store
2024-10-22T05:12:49+00:00 WARNING Empty patterns received from the PTK Pattern Store
2024-10-22T05:12:50+00:00 WARNING Empty patterns received from the PTK Pattern Store
2024-10-22T05:12:53+00:00 WARNING Empty patterns received from the PTK Pattern Store
2024-10-22T05:12:53+00:00 WARNING Empty patterns received from the PTK Pattern Store
2024-10-22T05:12:53+00:00 WARNING Empty patterns received from the PTK Pattern Store
2024-10-22T05:12:53+00:00 WARNING Empty patterns received from the PTK Pattern Store
2024-10-22T05:12:53+00:00 WARNING Empty patterns received from the PTK Pattern Store
2024-10-22T05:12:54+00:00 WARNING Empty patterns received from the PTK Pattern Store
2024-10-22T05:12:54+00:00 WARNING Empty patterns received from the PTK Pattern Store
2024-10-22T05:12:56+00:00 WARNING Empty patterns received from the PTK Pattern Store
2024-10-22T05:12:56+00:00 WARNING Empty patterns received from the PTK Pattern Store
2024-10-22T05:12:56+00:00 WARNING Empty patterns received from the PTK Pattern Store
2024-10-22T05:12:56+00:00 WARNING Empty patterns received from the PTK Pattern Store
2024-10-22T05:12:56+00:00 WARNING Empty patterns received from the PTK Pattern Store
2024-10-22T05:12:56+00:00 WARNING Empty patterns received from the PTK Pattern Store
2024-10-22T05:12:58+00:00 WARNING Empty patterns received from the PTK Pattern Store
2024-10-22T05:12:58+00:00 WARNING Empty patterns received from the PTK Pattern Store
2024-10-22T05:12:58+00:00 WARNING Empty patterns received from the PTK Pattern Store
2024-10-22T05:13:00+00:00 WARNING Empty patterns received from the PTK Pattern Store
2024-10-22T05:13:00+00:00 WARNING Empty patterns received from the PTK Pattern Store
2024-10-22T05:13:00+00:00 WARNING Empty patterns received from the PTK Pattern Store
2024-10-22T05:13:00+00:00 WARNING Empty patterns received from the PTK Pattern Store
2024-10-22T05:13:00+00:00 WARNING Empty patterns received from the PTK Pattern Store
2024-10-22T05:13:01+00:00 WARNING Empty patterns received from the PTK Pattern Store
2024-10-22T05:13:40+00:00 WARNING Empty patterns received from the PTK Pattern Store
2024-10-22T05:13:43+00:00 WARNING Empty patterns received from the PTK Pattern Store
2024-10-22T05:13:43+00:00 WARNING Empty patterns received from the PTK Pattern Store
2024-10-22T05:13:43+00:00 WARNING Empty patterns received from the PTK Pattern Store
2024-10-22T05:13:43+00:00 WARNING Empty patterns received from the PTK Pattern Store
2024-10-22T05:13:43+00:00 WARNING Empty patterns received from the PTK Pattern Store
2024-10-22T05:13:44+00:00 WARNING Empty patterns received from the PTK Pattern Store
2024-10-22T05:13:44+00:00 WARNING Empty patterns received from the PTK Pattern Store
2024-10-22T05:14:00+00:00 WARNING Empty patterns received from the PTK Pattern Store
2024-10-22T05:14:10+00:00 WARNING Empty patterns received from the PTK Pattern Store
2024-10-22T05:14:10+00:00 WARNING Empty patterns received from the PTK Pattern Store
2024-10-22T05:14:10+00:00 WARNING Empty patterns received from the PTK Pattern Store
2024-10-22T05:14:10+00:00 WARNING Empty patterns received from the PTK Pattern Store
2024-10-22T05:14:12+00:00 WARNING Empty patterns received from the PTK Pattern Store
2024-10-22T05:15:10+00:00 WARNING Empty patterns received from the PTK Pattern Store
2024-10-22T05:15:11+00:00 WARNING Empty patterns received from the PTK Pattern Store
2024-10-22T05:16:10+00:00 WARNING Empty patterns received from the PTK Pattern Store
2024-10-22T05:16:11+00:00 WARNING Empty patterns received from the PTK Pattern Store
2024-10-22T05:16:17+00:00 WARNING Empty patterns received from the PTK Pattern Store
2024-10-22T05:16:22+00:00 WARNING Empty patterns received from the PTK Pattern Store
2024-10-22T05:16:30+00:00 WARNING Empty patterns received from the PTK Pattern Store
2024-10-22T05:16:47+00:00 WARNING Empty patterns received from the PTK Pattern Store
2024-10-22T05:16:48+00:00 WARNING Empty patterns received from the PTK Pattern Store
2024-10-22T05:16:54+00:00 WARNING Empty patterns received from the PTK Pattern Store
2024-10-22T05:16:57+00:00 WARNING Empty patterns received from the PTK Pattern Store
2024-10-22T05:16:57+00:00 WARNING Empty patterns received from the PTK Pattern Store
2024-10-22T05:16:57+00:00 WARNING Empty patterns received from the PTK Pattern Store
2024-10-22T05:16:57+00:00 WARNING Empty patterns received from the PTK Pattern Store
2024-10-22T05:16:57+00:00 WARNING Empty patterns received from the PTK Pattern Store
2024-10-22T05:16:58+00:00 WARNING Empty patterns received from the PTK Pattern Store
2024-10-22T05:17:03+00:00 WARNING Empty patterns received from the PTK Pattern Store
2024-10-22T05:17:09+00:00 WARNING Empty patterns received from the PTK Pattern Store
2024-10-22T05:17:09+00:00 WARNING Empty patterns received from the PTK Pattern Store
2024-10-22T05:17:09+00:00 WARNING Empty patterns received from the PTK Pattern Store
2024-10-22T05:17:09+00:00 WARNING Empty patterns received from the PTK Pattern Store
2024-10-22T05:17:09+00:00 WARNING Empty patterns received from the PTK Pattern Store
2024-10-22T05:17:09+00:00 WARNING Empty patterns received from the PTK Pattern Store
2024-10-22T05:17:10+00:00 WARNING Empty patterns received from the PTK Pattern Store
2024-10-22T05:17:24+00:00 WARNING Empty patterns received from the PTK Pattern Store
2024-10-22T05:17:39+00:00 WARNING Empty patterns received from the PTK Pattern Store
2024-10-22T05:17:54+00:00 WARNING Empty patterns received from the PTK Pattern Store
2024-10-22T05:17:54+00:00 WARNING Empty patterns received from the PTK Pattern Store
2024-10-22T05:17:55+00:00 WARNING Empty patterns received from the PTK Pattern Store
2024-10-22T05:18:09+00:00 WARNING Empty patterns received from the PTK Pattern Store
2024-10-22T05:18:21+00:00 WARNING Empty patterns received from the PTK Pattern Store
2024-10-22T05:18:24+00:00 WARNING Empty patterns received from the PTK Pattern Store
2024-10-22T05:18:24+00:00 WARNING Empty patterns received from the PTK Pattern Store
2024-10-22T05:18:25+00:00 WARNING Empty patterns received from the PTK Pattern Store
2024-10-22T05:18:25+00:00 WARNING Empty patterns received from the PTK Pattern Store
2024-10-22T05:18:25+00:00 WARNING Empty patterns received from the PTK Pattern Store
2024-10-22T05:18:25+00:00 WARNING Empty patterns received from the PTK Pattern Store
2024-10-22T05:18:26+00:00 WARNING Empty patterns received from the PTK Pattern Store
2024-10-22T05:18:26+00:00 WARNING Empty patterns received from the PTK Pattern Store
2024-10-22T05:18:26+00:00 WARNING Empty patterns received from the PTK Pattern Store
2024-10-22T05:18:26+00:00 WARNING Empty patterns received from the PTK Pattern Store
2024-10-22T05:18:27+00:00 WARNING Empty patterns received from the PTK Pattern Store
2024-10-22T05:18:29+00:00 WARNING Empty patterns received from the PTK Pattern Store
2024-10-22T05:18:29+00:00 WARNING Empty patterns received from the PTK Pattern Store
2024-10-22T05:18:29+00:00 WARNING Empty patterns received from the PTK Pattern Store
2024-10-22T05:18:29+00:00 WARNING Empty patterns received from the PTK Pattern Store
2024-10-22T05:18:29+00:00 WARNING Empty patterns received from the PTK Pattern Store
2024-10-22T05:18:30+00:00 WARNING Empty patterns received from the PTK Pattern Store
2024-10-22T05:18:30+00:00 WARNING Empty patterns received from the PTK Pattern Store
2024-10-22T05:18:36+00:00 WARNING Empty patterns received from the PTK Pattern Store
2024-10-22T05:18:36+00:00 WARNING Empty patterns received from the PTK Pattern Store
2024-10-22T05:18:36+00:00 WARNING Empty patterns received from the PTK Pattern Store
2024-10-22T05:18:36+00:00 WARNING Empty patterns received from the PTK Pattern Store
2024-10-22T05:18:36+00:00 WARNING Empty patterns received from the PTK Pattern Store
2024-10-22T05:18:36+00:00 WARNING Empty patterns received from the PTK Pattern Store
2024-10-22T05:18:38+00:00 WARNING Empty patterns received from the PTK Pattern Store
2024-10-22T05:18:49+00:00 WARNING Empty patterns received from the PTK Pattern Store
2024-10-22T05:18:50+00:00 WARNING Empty patterns received from the PTK Pattern Store
2024-10-22T05:18:51+00:00 WARNING Empty patterns received from the PTK Pattern Store
2024-10-22T05:19:06+00:00 WARNING Empty patterns received from the PTK Pattern Store
2024-10-22T05:19:12+00:00 WARNING Empty patterns received from the PTK Pattern Store
2024-10-22T05:19:14+00:00 WARNING Empty patterns received from the PTK Pattern Store
2024-10-22T05:19:19+00:00 WARNING Empty patterns received from the PTK Pattern Store
2024-10-22T05:19:19+00:00 WARNING Empty patterns received from the PTK Pattern Store
2024-10-22T05:19:19+00:00 WARNING Empty patterns received from the PTK Pattern Store
2024-10-22T05:19:19+00:00 WARNING Empty patterns received from the PTK Pattern Store
2024-10-22T05:19:19+00:00 WARNING Empty patterns received from the PTK Pattern Store
2024-10-22T05:19:19+00:00 WARNING Empty patterns received from the PTK Pattern Store
2024-10-22T05:19:20+00:00 WARNING Empty patterns received from the PTK Pattern Store
2024-10-22T05:19:34+00:00 WARNING Empty patterns received from the PTK Pattern Store
2024-10-22T05:19:45+00:00 WARNING Empty patterns received from the PTK Pattern Store
2024-10-22T05:19:46+00:00 WARNING Empty patterns received from the PTK Pattern Store
2024-10-22T05:19:49+00:00 WARNING Empty patterns received from the PTK Pattern Store
2024-10-22T05:19:49+00:00 WARNING Empty patterns received from the PTK Pattern Store
2024-10-22T05:19:49+00:00 WARNING Empty patterns received from the PTK Pattern Store
2024-10-22T05:19:49+00:00 WARNING Empty patterns received from the PTK Pattern Store
2024-10-22T05:19:49+00:00 WARNING Empty patterns received from the PTK Pattern Store
2024-10-22T05:19:50+00:00 WARNING Empty patterns received from the PTK Pattern Store
2024-10-22T05:19:52+00:00 WARNING Empty patterns received from the PTK Pattern Store
2024-10-22T05:20:49+00:00 WARNING Empty patterns received from the PTK Pattern Store
2024-10-22T05:20:50+00:00 WARNING Empty patterns received from the PTK Pattern Store
2024-10-22T05:22:50+00:00 WARNING Empty patterns received from the PTK Pattern Store
2024-10-22T05:22:51+00:00 WARNING Empty patterns received from the PTK Pattern Store
2024-10-22T05:24:51+00:00 WARNING Empty patterns received from the PTK Pattern Store
2024-10-22T05:24:52+00:00 WARNING Empty patterns received from the PTK Pattern Store
2024-10-22T05:26:52+00:00 WARNING Empty patterns received from the PTK Pattern Store
2024-10-22T05:26:53+00:00 WARNING Empty patterns received from the PTK Pattern Store
2024-10-22T05:28:53+00:00 WARNING Empty patterns received from the PTK Pattern Store
2024-10-22T05:28:54+00:00 WARNING Empty patterns received from the PTK Pattern Store
2024-10-22T05:29:54+00:00 WARNING Empty patterns received from the PTK Pattern Store
2024-10-22T05:29:55+00:00 WARNING Empty patterns received from the PTK Pattern Store
2024-10-22T05:30:55+00:00 WARNING Empty patterns received from the PTK Pattern Store
2024-10-22T05:30:56+00:00 WARNING Empty patterns received from the PTK Pattern Store
2024-10-22T05:32:56+00:00 WARNING Empty patterns received from the PTK Pattern Store
2024-10-22T05:32:57+00:00 WARNING Empty patterns received from the PTK Pattern Store
2024-10-22T05:34:28+00:00 WARNING Empty patterns received from the PTK Pattern Store
2024-10-22T05:34:29+00:00 WARNING Empty patterns received from the PTK Pattern Store
2024-10-22T05:34:32+00:00 WARNING Empty patterns received from the PTK Pattern Store
2024-10-22T05:34:35+00:00 WARNING Empty patterns received from the PTK Pattern Store
2024-10-22T05:34:35+00:00 WARNING Empty patterns received from the PTK Pattern Store
2024-10-22T05:34:35+00:00 WARNING Empty patterns received from the PTK Pattern Store
2024-10-22T05:34:35+00:00 WARNING Empty patterns received from the PTK Pattern Store
2024-10-22T05:34:35+00:00 WARNING Empty patterns received from the PTK Pattern Store
2024-10-22T05:34:36+00:00 WARNING Empty patterns received from the PTK Pattern Store
2024-10-22T05:34:49+00:00 WARNING Empty patterns received from the PTK Pattern Store
2024-10-22T05:34:50+00:00 WARNING Empty patterns received from the PTK Pattern Store
2024-10-22T05:34:53+00:00 WARNING Empty patterns received from the PTK Pattern Store
2024-10-22T05:34:53+00:00 WARNING Empty patterns received from the PTK Pattern Store
2024-10-22T05:34:53+00:00 WARNING Empty patterns received from the PTK Pattern Store
2024-10-22T05:34:53+00:00 WARNING Empty patterns received from the PTK Pattern Store
2024-10-22T05:34:53+00:00 WARNING Empty patterns received from the PTK Pattern Store
2024-10-22T05:34:54+00:00 WARNING Empty patterns received from the PTK Pattern Store
2024-10-22T05:35:17+00:00 WARNING Empty patterns received from the PTK Pattern Store
2024-10-22T05:35:19+00:00 WARNING Empty patterns received from the PTK Pattern Store
2024-10-22T05:35:19+00:00 WARNING Empty patterns received from the PTK Pattern Store
2024-10-22T05:35:19+00:00 WARNING Empty patterns received from the PTK Pattern Store
2024-10-22T05:35:19+00:00 WARNING Empty patterns received from the PTK Pattern Store
2024-10-22T05:35:19+00:00 WARNING Empty patterns received from the PTK Pattern Store
2024-10-22T05:35:20+00:00 WARNING Empty patterns received from the PTK Pattern Store
2024-10-22T05:35:21+00:00 WARNING Empty patterns received from the PTK Pattern Store
2024-10-22T05:35:23+00:00 WARNING Empty patterns received from the PTK Pattern Store
2024-10-22T05:35:23+00:00 WARNING Empty patterns received from the PTK Pattern Store
2024-10-22T05:35:23+00:00 WARNING Empty patterns received from the PTK Pattern Store
2024-10-22T05:35:23+00:00 WARNING Empty patterns received from the PTK Pattern Store
2024-10-22T05:35:23+00:00 WARNING Empty patterns received from the PTK Pattern Store
2024-10-22T05:35:23+00:00 WARNING Empty patterns received from the PTK Pattern Store
2024-10-22T05:35:24+00:00 WARNING Empty patterns received from the PTK Pattern Store
2024-10-22T05:35:24+00:00 WARNING Empty patterns received from the PTK Pattern Store
2024-10-22T05:35:24+00:00 WARNING Empty patterns received from the PTK Pattern Store
2024-10-22T05:35:26+00:00 WARNING Empty patterns received from the PTK Pattern Store
2024-10-22T05:35:26+00:00 WARNING Empty patterns received from the PTK Pattern Store
2024-10-22T05:35:26+00:00 WARNING Empty patterns received from the PTK Pattern Store
2024-10-22T05:35:26+00:00 WARNING Empty patterns received from the PTK Pattern Store
2024-10-22T05:35:26+00:00 WARNING Empty patterns received from the PTK Pattern Store
2024-10-22T05:35:28+00:00 WARNING Empty patterns received from the PTK Pattern Store
2024-10-22T05:36:27+00:00 WARNING Empty patterns received from the PTK Pattern Store
2024-10-22T05:36:28+00:00 WARNING Empty patterns received from the PTK Pattern Store
2024-10-22T05:38:28+00:00 WARNING Empty patterns received from the PTK Pattern Store
2024-10-22T05:38:29+00:00 WARNING Empty patterns received from the PTK Pattern Store
2024-10-22T05:40:29+00:00 WARNING Empty patterns received from the PTK Pattern Store
2024-10-22T05:40:30+00:00 WARNING Empty patterns received from the PTK Pattern Store
2024-10-22T05:42:30+00:00 WARNING Empty patterns received from the PTK Pattern Store
2024-10-22T05:42:31+00:00 WARNING Empty patterns received from the PTK Pattern Store
2024-10-22T05:44:31+00:00 WARNING Empty patterns received from the PTK Pattern Store
2024-10-22T05:44:32+00:00 WARNING Empty patterns received from the PTK Pattern Store
2024-10-22T05:46:32+00:00 WARNING Empty patterns received from the PTK Pattern Store
2024-10-22T05:46:33+00:00 WARNING Empty patterns received from the PTK Pattern Store
2024-10-22T05:48:33+00:00 WARNING Empty patterns received from the PTK Pattern Store
2024-10-22T05:48:34+00:00 WARNING Empty patterns received from the PTK Pattern Store
2024-10-22T05:50:34+00:00 WARNING Empty patterns received from the PTK Pattern Store
2024-10-22T05:50:35+00:00 WARNING Empty patterns received from the PTK Pattern Store
2024-10-22T05:52:35+00:00 WARNING Empty patterns received from the PTK Pattern Store
2024-10-22T05:52:36+00:00 WARNING Empty patterns received from the PTK Pattern Store
2024-10-22T05:54:36+00:00 WARNING Empty patterns received from the PTK Pattern Store
2024-10-22T05:54:37+00:00 WARNING Empty patterns received from the PTK Pattern Store
2024-10-22T05:56:37+00:00 WARNING Empty patterns received from the PTK Pattern Store
2024-10-22T05:56:38+00:00 WARNING Empty patterns received from the PTK Pattern Store
2024-10-22T05:58:38+00:00 WARNING Empty patterns received from the PTK Pattern Store
2024-10-22T05:58:39+00:00 WARNING Empty patterns received from the PTK Pattern Store
2024-10-22T06:00:39+00:00 WARNING Empty patterns received from the PTK Pattern Store
2024-10-22T06:00:40+00:00 WARNING Empty patterns received from the PTK Pattern Store
2024-10-22T06:02:40+00:00 WARNING Empty patterns received from the PTK Pattern Store
2024-10-22T06:02:41+00:00 WARNING Empty patterns received from the PTK Pattern Store
2024-10-22T06:04:41+00:00 WARNING Empty patterns received from the PTK Pattern Store
2024-10-22T06:04:42+00:00 WARNING Empty patterns received from the PTK Pattern Store
2024-10-22T06:06:42+00:00 WARNING Empty patterns received from the PTK Pattern Store
2024-10-22T06:06:43+00:00 WARNING Empty patterns received from the PTK Pattern Store
2024-10-22T06:08:36+00:00 WARNING Empty patterns received from the PTK Pattern Store
2024-10-22T06:08:37+00:00 WARNING Empty patterns received from the PTK Pattern Store
2024-10-22T06:08:38+00:00 WARNING Failed to get WooCommerce patterns from the PTK: "Failed to connect with the Patterns Toolkit API: try again later."
2024-10-22T06:09:37+00:00 WARNING Empty patterns received from the PTK Pattern Store
2024-10-22T06:09:38+00:00 WARNING Empty patterns received from the PTK Pattern Store
2024-10-22T06:10:04+00:00 WARNING Empty patterns received from the PTK Pattern Store
2024-10-22T06:10:05+00:00 WARNING Empty patterns received from the PTK Pattern Store
2024-10-22T06:10:38+00:00 WARNING Empty patterns received from the PTK Pattern Store
2024-10-22T06:12:39+00:00 WARNING Empty patterns received from the PTK Pattern Store
2024-10-22T06:12:40+00:00 WARNING Empty patterns received from the PTK Pattern Store
2024-10-22T06:14:40+00:00 WARNING Empty patterns received from the PTK Pattern Store
2024-10-22T06:14:41+00:00 WARNING Empty patterns received from the PTK Pattern Store
2024-10-22T06:16:41+00:00 WARNING Empty patterns received from the PTK Pattern Store
2024-10-22T06:16:42+00:00 WARNING Empty patterns received from the PTK Pattern Store
2024-10-22T06:18:42+00:00 WARNING Empty patterns received from the PTK Pattern Store
2024-10-22T06:18:43+00:00 WARNING Empty patterns received from the PTK Pattern Store
